<?xml version="1.0" encoding="UTF-8"?>
<!-- Generated by org.testng.reporters.JUnitReportReporter -->
<testsuite hostname="LAPTOP-2LB9IMSM" failures="0" tests="1" name="com.inetbanking.testCases.TC_DelCustomerTest_4" time="7.689" errors="0" timestamp="08 Dec 2021 14:53:38 GMT" skipped="0">
  <testcase classname="com.inetbanking.testCases.TC_DelCustomerTest_4" name="delCustomer" time="7.689"/>
</testsuite> <!-- com.inetbanking.testCases.TC_DelCustomerTest_4 -->
