<?xml version="1.0" encoding="UTF-8"?>
<!-- Generated by org.testng.reporters.JUnitReportReporter -->
<testsuite hostname="LAPTOP-2LB9IMSM" failures="0" tests="1" name="com.inetbanking.testCases.TC_AddCustomerTest_003" time="9.965" errors="0" timestamp="08 Dec 2021 14:53:38 GMT" skipped="0">
  <testcase classname="com.inetbanking.testCases.TC_AddCustomerTest_003" name="addNewCustomer" time="9.965"/>
</testsuite> <!-- com.inetbanking.testCases.TC_AddCustomerTest_003 -->
