<?xml version="1.0" encoding="UTF-8"?>
<!-- Generated by org.testng.reporters.JUnitReportReporter -->
<testsuite hostname="LAPTOP-2LB9IMSM" failures="0" tests="1" name="com.inetbanking.testCases.TC_LoginTest_001" time="1.339" errors="0" timestamp="08 Dec 2021 14:53:38 GMT" skipped="0">
  <testcase classname="com.inetbanking.testCases.TC_LoginTest_001" name="logintest" time="1.339"/>
</testsuite> <!-- com.inetbanking.testCases.TC_LoginTest_001 -->
