<?xml version="1.0" encoding="UTF-8"?>
<!-- Generated by org.testng.reporters.JUnitReportReporter -->
<testsuite skipped="0" hostname="LAPTOP-2LB9IMSM" name="com.inetbanking.testCases.TC_DelCustomerTest_4" tests="1" failures="0" timestamp="08 Dec 2021 14:55:03 GMT" time="8.062" errors="0">
  <testcase name="delCustomer" time="8.062" classname="com.inetbanking.testCases.TC_DelCustomerTest_4"/>
</testsuite> <!-- com.inetbanking.testCases.TC_DelCustomerTest_4 -->
