<?xml version="1.0" encoding="UTF-8"?>
<!-- Generated by org.testng.reporters.JUnitReportReporter -->
<testsuite skipped="0" hostname="LAPTOP-2LB9IMSM" name="com.inetbanking.testCases.TC_AddCustomerTest_003" tests="1" failures="0" timestamp="08 Dec 2021 14:55:03 GMT" time="10.558" errors="0">
  <testcase name="addNewCustomer" time="10.558" classname="com.inetbanking.testCases.TC_AddCustomerTest_003"/>
</testsuite> <!-- com.inetbanking.testCases.TC_AddCustomerTest_003 -->
